LD_LIBRARY_PATH=.:/home/ramonskie/.rbenv/versions/3.1.0/lib pkg-config --exists openssl
LD_LIBRARY_PATH=.:/home/ramonskie/.rbenv/versions/3.1.0/lib pkg-config --libs openssl |
=> "-lssl -lcrypto\n"
LD_LIBRARY_PATH=.:/home/ramonskie/.rbenv/versions/3.1.0/lib "gcc -o conftest -I/home/ramonskie/.rbenv/versions/3.1.0/include/ruby-3.1.0/x86_64-linux -I/home/ramonskie/.rbenv/versions/3.1.0/include/ruby-3.1.0/ruby/backward -I/home/ramonskie/.rbenv/versions/3.1.0/include/ruby-3.1.0 -I. -I/home/ramonskie/.rbenv/versions/3.1.0/include    -O3 -fno-fast-math -ggdb3 -Wall -Wextra -Wdeprecated-declarations -Wduplicated-cond -Wimplicit-function-declaration -Wimplicit-int -Wmisleading-indentation -Wpointer-arith -Wwrite-strings -Wimplicit-fallthrough=0 -Wmissing-noreturn -Wno-cast-function-type -Wno-constant-logical-operand -Wno-long-long -Wno-missing-field-initializers -Wno-overlength-strings -Wno-packed-bitfield-compat -Wno-parentheses-equality -Wno-self-assign -Wno-tautological-compare -Wno-unused-parameter -Wno-unused-value -Wsuggest-attribute=format -Wsuggest-attribute=noreturn -Wunused-variable -Wundef  -fPIC conftest.c  -L. -L/home/ramonskie/.rbenv/versions/3.1.0/lib -Wl,-rpath,/home/ramonskie/.rbenv/versions/3.1.0/lib -L. -L/home/ramonskie/.rbenv/versions/3.1.0/lib  -fstack-protector-strong -rdynamic -Wl,-export-dynamic -Wl,--no-as-needed     -Wl,-rpath,/home/ramonskie/.rbenv/versions/3.1.0/lib -L/home/ramonskie/.rbenv/versions/3.1.0/lib -lruby  -lm  -lc"
checked program was:
/* begin */
1: #include "ruby.h"
2: 
3: int main(int argc, char **argv)
4: {
5:   return !!argv[argc];
6: }
/* end */

LD_LIBRARY_PATH=.:/home/ramonskie/.rbenv/versions/3.1.0/lib "gcc -o conftest -I/home/ramonskie/.rbenv/versions/3.1.0/include/ruby-3.1.0/x86_64-linux -I/home/ramonskie/.rbenv/versions/3.1.0/include/ruby-3.1.0/ruby/backward -I/home/ramonskie/.rbenv/versions/3.1.0/include/ruby-3.1.0 -I. -I/home/ramonskie/.rbenv/versions/3.1.0/include    -O3 -fno-fast-math -ggdb3 -Wall -Wextra -Wdeprecated-declarations -Wduplicated-cond -Wimplicit-function-declaration -Wimplicit-int -Wmisleading-indentation -Wpointer-arith -Wwrite-strings -Wimplicit-fallthrough=0 -Wmissing-noreturn -Wno-cast-function-type -Wno-constant-logical-operand -Wno-long-long -Wno-missing-field-initializers -Wno-overlength-strings -Wno-packed-bitfield-compat -Wno-parentheses-equality -Wno-self-assign -Wno-tautological-compare -Wno-unused-parameter -Wno-unused-value -Wsuggest-attribute=format -Wsuggest-attribute=noreturn -Wunused-variable -Wundef  -fPIC conftest.c  -L. -L/home/ramonskie/.rbenv/versions/3.1.0/lib -Wl,-rpath,/home/ramonskie/.rbenv/versions/3.1.0/lib -L. -L/home/ramonskie/.rbenv/versions/3.1.0/lib  -fstack-protector-strong -rdynamic -Wl,-export-dynamic -Wl,--no-as-needed     -Wl,-rpath,/home/ramonskie/.rbenv/versions/3.1.0/lib -L/home/ramonskie/.rbenv/versions/3.1.0/lib -lruby -lssl -lcrypto -lm  -lc"
checked program was:
/* begin */
1: #include "ruby.h"
2: 
3: int main(int argc, char **argv)
4: {
5:   return !!argv[argc];
6: }
/* end */

LD_LIBRARY_PATH=.:/home/ramonskie/.rbenv/versions/3.1.0/lib pkg-config --cflags-only-I openssl |
=> "\n"
LD_LIBRARY_PATH=.:/home/ramonskie/.rbenv/versions/3.1.0/lib pkg-config --cflags-only-other openssl |
=> "\n"
LD_LIBRARY_PATH=.:/home/ramonskie/.rbenv/versions/3.1.0/lib pkg-config --libs-only-l openssl |
=> "-lssl -lcrypto\n"
package configuration for openssl
incflags: 
cflags: 
ldflags: 
libs: -lssl -lcrypto

have_header: checking for openssl/ssl.h... -------------------- yes

LD_LIBRARY_PATH=.:/home/ramonskie/.rbenv/versions/3.1.0/lib "gcc -I/home/ramonskie/.rbenv/versions/3.1.0/include/ruby-3.1.0/x86_64-linux -I/home/ramonskie/.rbenv/versions/3.1.0/include/ruby-3.1.0/ruby/backward -I/home/ramonskie/.rbenv/versions/3.1.0/include/ruby-3.1.0 -I.  -I/home/ramonskie/.rbenv/versions/3.1.0/include    -O3 -fno-fast-math -ggdb3 -Wall -Wextra -Wdeprecated-declarations -Wduplicated-cond -Wimplicit-function-declaration -Wimplicit-int -Wmisleading-indentation -Wpointer-arith -Wwrite-strings -Wimplicit-fallthrough=0 -Wmissing-noreturn -Wno-cast-function-type -Wno-constant-logical-operand -Wno-long-long -Wno-missing-field-initializers -Wno-overlength-strings -Wno-packed-bitfield-compat -Wno-parentheses-equality -Wno-self-assign -Wno-tautological-compare -Wno-unused-parameter -Wno-unused-value -Wsuggest-attribute=format -Wsuggest-attribute=noreturn -Wunused-variable -Wundef  -fPIC    -c conftest.c"
checked program was:
/* begin */
1: #include "ruby.h"
2: 
3: #include <openssl/ssl.h>
/* end */

--------------------

have_header: checking for openssl/err.h... -------------------- yes

LD_LIBRARY_PATH=.:/home/ramonskie/.rbenv/versions/3.1.0/lib "gcc -I/home/ramonskie/.rbenv/versions/3.1.0/include/ruby-3.1.0/x86_64-linux -I/home/ramonskie/.rbenv/versions/3.1.0/include/ruby-3.1.0/ruby/backward -I/home/ramonskie/.rbenv/versions/3.1.0/include/ruby-3.1.0 -I.  -I/home/ramonskie/.rbenv/versions/3.1.0/include    -O3 -fno-fast-math -ggdb3 -Wall -Wextra -Wdeprecated-declarations -Wduplicated-cond -Wimplicit-function-declaration -Wimplicit-int -Wmisleading-indentation -Wpointer-arith -Wwrite-strings -Wimplicit-fallthrough=0 -Wmissing-noreturn -Wno-cast-function-type -Wno-constant-logical-operand -Wno-long-long -Wno-missing-field-initializers -Wno-overlength-strings -Wno-packed-bitfield-compat -Wno-parentheses-equality -Wno-self-assign -Wno-tautological-compare -Wno-unused-parameter -Wno-unused-value -Wsuggest-attribute=format -Wsuggest-attribute=noreturn -Wunused-variable -Wundef  -fPIC    -c conftest.c"
checked program was:
/* begin */
1: #include "ruby.h"
2: 
3: #include <openssl/err.h>
/* end */

--------------------

have_library: checking for BIO_read() in -lcrypto... -------------------- yes

LD_LIBRARY_PATH=.:/home/ramonskie/.rbenv/versions/3.1.0/lib "gcc -o conftest -I/home/ramonskie/.rbenv/versions/3.1.0/include/ruby-3.1.0/x86_64-linux -I/home/ramonskie/.rbenv/versions/3.1.0/include/ruby-3.1.0/ruby/backward -I/home/ramonskie/.rbenv/versions/3.1.0/include/ruby-3.1.0 -I.  -I/home/ramonskie/.rbenv/versions/3.1.0/include    -O3 -fno-fast-math -ggdb3 -Wall -Wextra -Wdeprecated-declarations -Wduplicated-cond -Wimplicit-function-declaration -Wimplicit-int -Wmisleading-indentation -Wpointer-arith -Wwrite-strings -Wimplicit-fallthrough=0 -Wmissing-noreturn -Wno-cast-function-type -Wno-constant-logical-operand -Wno-long-long -Wno-missing-field-initializers -Wno-overlength-strings -Wno-packed-bitfield-compat -Wno-parentheses-equality -Wno-self-assign -Wno-tautological-compare -Wno-unused-parameter -Wno-unused-value -Wsuggest-attribute=format -Wsuggest-attribute=noreturn -Wunused-variable -Wundef  -fPIC  conftest.c  -L. -L/home/ramonskie/.rbenv/versions/3.1.0/lib -Wl,-rpath,/home/ramonskie/.rbenv/versions/3.1.0/lib -L. -L/home/ramonskie/.rbenv/versions/3.1.0/lib  -fstack-protector-strong -rdynamic -Wl,-export-dynamic -Wl,--no-as-needed      -lssl -lcrypto -Wl,-rpath,/home/ramonskie/.rbenv/versions/3.1.0/lib -L/home/ramonskie/.rbenv/versions/3.1.0/lib -lruby  -lssl -lcrypto -lcrypto -lm  -lc"
conftest.c: In function ‘t’:
conftest.c:14:57: error: ‘BIO_read’ undeclared (first use in this function)
   14 | int t(void) { void ((*volatile p)()); p = (void ((*)()))BIO_read; return !p; }
      |                                                         ^~~~~~~~
conftest.c:14:57: note: each undeclared identifier is reported only once for each function it appears in
conftest.c: At top level:
cc1: warning: unrecognized command line option ‘-Wno-self-assign’
cc1: warning: unrecognized command line option ‘-Wno-parentheses-equality’
cc1: warning: unrecognized command line option ‘-Wno-constant-logical-operand’
checked program was:
/* begin */
 1: #include "ruby.h"
 2: 
 3: /*top*/
 4: extern int t(void);
 5: int main(int argc, char **argv)
 6: {
 7:   if (argc > 1000000) {
 8:     int (* volatile tp)(void)=(int (*)(void))&t;
 9:     printf("%d", (*tp)());
10:   }
11: 
12:   return !!argv[argc];
13: }
14: int t(void) { void ((*volatile p)()); p = (void ((*)()))BIO_read; return !p; }
/* end */

LD_LIBRARY_PATH=.:/home/ramonskie/.rbenv/versions/3.1.0/lib "gcc -o conftest -I/home/ramonskie/.rbenv/versions/3.1.0/include/ruby-3.1.0/x86_64-linux -I/home/ramonskie/.rbenv/versions/3.1.0/include/ruby-3.1.0/ruby/backward -I/home/ramonskie/.rbenv/versions/3.1.0/include/ruby-3.1.0 -I.  -I/home/ramonskie/.rbenv/versions/3.1.0/include    -O3 -fno-fast-math -ggdb3 -Wall -Wextra -Wdeprecated-declarations -Wduplicated-cond -Wimplicit-function-declaration -Wimplicit-int -Wmisleading-indentation -Wpointer-arith -Wwrite-strings -Wimplicit-fallthrough=0 -Wmissing-noreturn -Wno-cast-function-type -Wno-constant-logical-operand -Wno-long-long -Wno-missing-field-initializers -Wno-overlength-strings -Wno-packed-bitfield-compat -Wno-parentheses-equality -Wno-self-assign -Wno-tautological-compare -Wno-unused-parameter -Wno-unused-value -Wsuggest-attribute=format -Wsuggest-attribute=noreturn -Wunused-variable -Wundef  -fPIC  conftest.c  -L. -L/home/ramonskie/.rbenv/versions/3.1.0/lib -Wl,-rpath,/home/ramonskie/.rbenv/versions/3.1.0/lib -L. -L/home/ramonskie/.rbenv/versions/3.1.0/lib  -fstack-protector-strong -rdynamic -Wl,-export-dynamic -Wl,--no-as-needed      -lssl -lcrypto -Wl,-rpath,/home/ramonskie/.rbenv/versions/3.1.0/lib -L/home/ramonskie/.rbenv/versions/3.1.0/lib -lruby  -lssl -lcrypto -lcrypto -lm  -lc"
checked program was:
/* begin */
 1: #include "ruby.h"
 2: 
 3: /*top*/
 4: extern int t(void);
 5: int main(int argc, char **argv)
 6: {
 7:   if (argc > 1000000) {
 8:     int (* volatile tp)(void)=(int (*)(void))&t;
 9:     printf("%d", (*tp)());
10:   }
11: 
12:   return !!argv[argc];
13: }
14: extern void BIO_read();
15: int t(void) { BIO_read(); return 0; }
/* end */

--------------------

have_library: checking for SSL_CTX_new() in -lssl... -------------------- yes

LD_LIBRARY_PATH=.:/home/ramonskie/.rbenv/versions/3.1.0/lib "gcc -o conftest -I/home/ramonskie/.rbenv/versions/3.1.0/include/ruby-3.1.0/x86_64-linux -I/home/ramonskie/.rbenv/versions/3.1.0/include/ruby-3.1.0/ruby/backward -I/home/ramonskie/.rbenv/versions/3.1.0/include/ruby-3.1.0 -I.  -I/home/ramonskie/.rbenv/versions/3.1.0/include    -O3 -fno-fast-math -ggdb3 -Wall -Wextra -Wdeprecated-declarations -Wduplicated-cond -Wimplicit-function-declaration -Wimplicit-int -Wmisleading-indentation -Wpointer-arith -Wwrite-strings -Wimplicit-fallthrough=0 -Wmissing-noreturn -Wno-cast-function-type -Wno-constant-logical-operand -Wno-long-long -Wno-missing-field-initializers -Wno-overlength-strings -Wno-packed-bitfield-compat -Wno-parentheses-equality -Wno-self-assign -Wno-tautological-compare -Wno-unused-parameter -Wno-unused-value -Wsuggest-attribute=format -Wsuggest-attribute=noreturn -Wunused-variable -Wundef  -fPIC  conftest.c  -L. -L/home/ramonskie/.rbenv/versions/3.1.0/lib -Wl,-rpath,/home/ramonskie/.rbenv/versions/3.1.0/lib -L. -L/home/ramonskie/.rbenv/versions/3.1.0/lib  -fstack-protector-strong -rdynamic -Wl,-export-dynamic -Wl,--no-as-needed      -lssl -lcrypto -lcrypto -Wl,-rpath,/home/ramonskie/.rbenv/versions/3.1.0/lib -L/home/ramonskie/.rbenv/versions/3.1.0/lib -lruby  -lssl -lcrypto -lcrypto -lssl -lm  -lc"
conftest.c: In function ‘t’:
conftest.c:14:57: error: ‘SSL_CTX_new’ undeclared (first use in this function)
   14 | int t(void) { void ((*volatile p)()); p = (void ((*)()))SSL_CTX_new; return !p; }
      |                                                         ^~~~~~~~~~~
conftest.c:14:57: note: each undeclared identifier is reported only once for each function it appears in
conftest.c: At top level:
cc1: warning: unrecognized command line option ‘-Wno-self-assign’
cc1: warning: unrecognized command line option ‘-Wno-parentheses-equality’
cc1: warning: unrecognized command line option ‘-Wno-constant-logical-operand’
checked program was:
/* begin */
 1: #include "ruby.h"
 2: 
 3: /*top*/
 4: extern int t(void);
 5: int main(int argc, char **argv)
 6: {
 7:   if (argc > 1000000) {
 8:     int (* volatile tp)(void)=(int (*)(void))&t;
 9:     printf("%d", (*tp)());
10:   }
11: 
12:   return !!argv[argc];
13: }
14: int t(void) { void ((*volatile p)()); p = (void ((*)()))SSL_CTX_new; return !p; }
/* end */

LD_LIBRARY_PATH=.:/home/ramonskie/.rbenv/versions/3.1.0/lib "gcc -o conftest -I/home/ramonskie/.rbenv/versions/3.1.0/include/ruby-3.1.0/x86_64-linux -I/home/ramonskie/.rbenv/versions/3.1.0/include/ruby-3.1.0/ruby/backward -I/home/ramonskie/.rbenv/versions/3.1.0/include/ruby-3.1.0 -I.  -I/home/ramonskie/.rbenv/versions/3.1.0/include    -O3 -fno-fast-math -ggdb3 -Wall -Wextra -Wdeprecated-declarations -Wduplicated-cond -Wimplicit-function-declaration -Wimplicit-int -Wmisleading-indentation -Wpointer-arith -Wwrite-strings -Wimplicit-fallthrough=0 -Wmissing-noreturn -Wno-cast-function-type -Wno-constant-logical-operand -Wno-long-long -Wno-missing-field-initializers -Wno-overlength-strings -Wno-packed-bitfield-compat -Wno-parentheses-equality -Wno-self-assign -Wno-tautological-compare -Wno-unused-parameter -Wno-unused-value -Wsuggest-attribute=format -Wsuggest-attribute=noreturn -Wunused-variable -Wundef  -fPIC  conftest.c  -L. -L/home/ramonskie/.rbenv/versions/3.1.0/lib -Wl,-rpath,/home/ramonskie/.rbenv/versions/3.1.0/lib -L. -L/home/ramonskie/.rbenv/versions/3.1.0/lib  -fstack-protector-strong -rdynamic -Wl,-export-dynamic -Wl,--no-as-needed      -lssl -lcrypto -lcrypto -Wl,-rpath,/home/ramonskie/.rbenv/versions/3.1.0/lib -L/home/ramonskie/.rbenv/versions/3.1.0/lib -lruby  -lssl -lcrypto -lcrypto -lssl -lm  -lc"
checked program was:
/* begin */
 1: #include "ruby.h"
 2: 
 3: /*top*/
 4: extern int t(void);
 5: int main(int argc, char **argv)
 6: {
 7:   if (argc > 1000000) {
 8:     int (* volatile tp)(void)=(int (*)(void))&t;
 9:     printf("%d", (*tp)());
10:   }
11: 
12:   return !!argv[argc];
13: }
14: extern void SSL_CTX_new();
15: int t(void) { SSL_CTX_new(); return 0; }
/* end */

--------------------

have_type: checking for rb_fdset_t in ruby/intern.h... -------------------- yes

LD_LIBRARY_PATH=.:/home/ramonskie/.rbenv/versions/3.1.0/lib "gcc -I/home/ramonskie/.rbenv/versions/3.1.0/include/ruby-3.1.0/x86_64-linux -I/home/ramonskie/.rbenv/versions/3.1.0/include/ruby-3.1.0/ruby/backward -I/home/ramonskie/.rbenv/versions/3.1.0/include/ruby-3.1.0 -I.  -I/home/ramonskie/.rbenv/versions/3.1.0/include    -O3 -fno-fast-math -ggdb3 -Wall -Wextra -Wdeprecated-declarations -Wduplicated-cond -Wimplicit-function-declaration -Wimplicit-int -Wmisleading-indentation -Wpointer-arith -Wwrite-strings -Wimplicit-fallthrough=0 -Wmissing-noreturn -Wno-cast-function-type -Wno-constant-logical-operand -Wno-long-long -Wno-missing-field-initializers -Wno-overlength-strings -Wno-packed-bitfield-compat -Wno-parentheses-equality -Wno-self-assign -Wno-tautological-compare -Wno-unused-parameter -Wno-unused-value -Wsuggest-attribute=format -Wsuggest-attribute=noreturn -Wunused-variable -Wundef  -fPIC    -c conftest.c"
checked program was:
/* begin */
1: #include "ruby.h"
2: 
3: #include <ruby/intern.h>
4: 
5: /*top*/
6: typedef rb_fdset_t conftest_type;
7: int conftestval[sizeof(conftest_type)?1:-1];
/* end */

--------------------

have_func: checking for rb_wait_for_single_fd()... -------------------- yes

LD_LIBRARY_PATH=.:/home/ramonskie/.rbenv/versions/3.1.0/lib "gcc -o conftest -I/home/ramonskie/.rbenv/versions/3.1.0/include/ruby-3.1.0/x86_64-linux -I/home/ramonskie/.rbenv/versions/3.1.0/include/ruby-3.1.0/ruby/backward -I/home/ramonskie/.rbenv/versions/3.1.0/include/ruby-3.1.0 -I.  -I/home/ramonskie/.rbenv/versions/3.1.0/include    -O3 -fno-fast-math -ggdb3 -Wall -Wextra -Wdeprecated-declarations -Wduplicated-cond -Wimplicit-function-declaration -Wimplicit-int -Wmisleading-indentation -Wpointer-arith -Wwrite-strings -Wimplicit-fallthrough=0 -Wmissing-noreturn -Wno-cast-function-type -Wno-constant-logical-operand -Wno-long-long -Wno-missing-field-initializers -Wno-overlength-strings -Wno-packed-bitfield-compat -Wno-parentheses-equality -Wno-self-assign -Wno-tautological-compare -Wno-unused-parameter -Wno-unused-value -Wsuggest-attribute=format -Wsuggest-attribute=noreturn -Wunused-variable -Wundef  -fPIC  conftest.c  -L. -L/home/ramonskie/.rbenv/versions/3.1.0/lib -Wl,-rpath,/home/ramonskie/.rbenv/versions/3.1.0/lib -L. -L/home/ramonskie/.rbenv/versions/3.1.0/lib  -fstack-protector-strong -rdynamic -Wl,-export-dynamic -Wl,--no-as-needed      -lssl -lcrypto -lcrypto -lssl -Wl,-rpath,/home/ramonskie/.rbenv/versions/3.1.0/lib -L/home/ramonskie/.rbenv/versions/3.1.0/lib -lruby  -lssl -lcrypto -lcrypto -lssl -lm  -lc"
conftest.c: In function ‘t’:
conftest.c:14:57: error: ‘rb_wait_for_single_fd’ undeclared (first use in this function)
   14 | int t(void) { void ((*volatile p)()); p = (void ((*)()))rb_wait_for_single_fd; return !p; }
      |                                                         ^~~~~~~~~~~~~~~~~~~~~
conftest.c:14:57: note: each undeclared identifier is reported only once for each function it appears in
conftest.c: At top level:
cc1: warning: unrecognized command line option ‘-Wno-self-assign’
cc1: warning: unrecognized command line option ‘-Wno-parentheses-equality’
cc1: warning: unrecognized command line option ‘-Wno-constant-logical-operand’
checked program was:
/* begin */
 1: #include "ruby.h"
 2: 
 3: /*top*/
 4: extern int t(void);
 5: int main(int argc, char **argv)
 6: {
 7:   if (argc > 1000000) {
 8:     int (* volatile tp)(void)=(int (*)(void))&t;
 9:     printf("%d", (*tp)());
10:   }
11: 
12:   return !!argv[argc];
13: }
14: int t(void) { void ((*volatile p)()); p = (void ((*)()))rb_wait_for_single_fd; return !p; }
/* end */

LD_LIBRARY_PATH=.:/home/ramonskie/.rbenv/versions/3.1.0/lib "gcc -o conftest -I/home/ramonskie/.rbenv/versions/3.1.0/include/ruby-3.1.0/x86_64-linux -I/home/ramonskie/.rbenv/versions/3.1.0/include/ruby-3.1.0/ruby/backward -I/home/ramonskie/.rbenv/versions/3.1.0/include/ruby-3.1.0 -I.  -I/home/ramonskie/.rbenv/versions/3.1.0/include    -O3 -fno-fast-math -ggdb3 -Wall -Wextra -Wdeprecated-declarations -Wduplicated-cond -Wimplicit-function-declaration -Wimplicit-int -Wmisleading-indentation -Wpointer-arith -Wwrite-strings -Wimplicit-fallthrough=0 -Wmissing-noreturn -Wno-cast-function-type -Wno-constant-logical-operand -Wno-long-long -Wno-missing-field-initializers -Wno-overlength-strings -Wno-packed-bitfield-compat -Wno-parentheses-equality -Wno-self-assign -Wno-tautological-compare -Wno-unused-parameter -Wno-unused-value -Wsuggest-attribute=format -Wsuggest-attribute=noreturn -Wunused-variable -Wundef  -fPIC  conftest.c  -L. -L/home/ramonskie/.rbenv/versions/3.1.0/lib -Wl,-rpath,/home/ramonskie/.rbenv/versions/3.1.0/lib -L. -L/home/ramonskie/.rbenv/versions/3.1.0/lib  -fstack-protector-strong -rdynamic -Wl,-export-dynamic -Wl,--no-as-needed      -lssl -lcrypto -lcrypto -lssl -Wl,-rpath,/home/ramonskie/.rbenv/versions/3.1.0/lib -L/home/ramonskie/.rbenv/versions/3.1.0/lib -lruby  -lssl -lcrypto -lcrypto -lssl -lm  -lc"
checked program was:
/* begin */
 1: #include "ruby.h"
 2: 
 3: /*top*/
 4: extern int t(void);
 5: int main(int argc, char **argv)
 6: {
 7:   if (argc > 1000000) {
 8:     int (* volatile tp)(void)=(int (*)(void))&t;
 9:     printf("%d", (*tp)());
10:   }
11: 
12:   return !!argv[argc];
13: }
14: extern void rb_wait_for_single_fd();
15: int t(void) { rb_wait_for_single_fd(); return 0; }
/* end */

--------------------

have_func: checking for rb_thread_fd_select()... -------------------- yes

LD_LIBRARY_PATH=.:/home/ramonskie/.rbenv/versions/3.1.0/lib "gcc -o conftest -I/home/ramonskie/.rbenv/versions/3.1.0/include/ruby-3.1.0/x86_64-linux -I/home/ramonskie/.rbenv/versions/3.1.0/include/ruby-3.1.0/ruby/backward -I/home/ramonskie/.rbenv/versions/3.1.0/include/ruby-3.1.0 -I.  -I/home/ramonskie/.rbenv/versions/3.1.0/include    -O3 -fno-fast-math -ggdb3 -Wall -Wextra -Wdeprecated-declarations -Wduplicated-cond -Wimplicit-function-declaration -Wimplicit-int -Wmisleading-indentation -Wpointer-arith -Wwrite-strings -Wimplicit-fallthrough=0 -Wmissing-noreturn -Wno-cast-function-type -Wno-constant-logical-operand -Wno-long-long -Wno-missing-field-initializers -Wno-overlength-strings -Wno-packed-bitfield-compat -Wno-parentheses-equality -Wno-self-assign -Wno-tautological-compare -Wno-unused-parameter -Wno-unused-value -Wsuggest-attribute=format -Wsuggest-attribute=noreturn -Wunused-variable -Wundef  -fPIC  conftest.c  -L. -L/home/ramonskie/.rbenv/versions/3.1.0/lib -Wl,-rpath,/home/ramonskie/.rbenv/versions/3.1.0/lib -L. -L/home/ramonskie/.rbenv/versions/3.1.0/lib  -fstack-protector-strong -rdynamic -Wl,-export-dynamic -Wl,--no-as-needed      -lssl -lcrypto -lcrypto -lssl -Wl,-rpath,/home/ramonskie/.rbenv/versions/3.1.0/lib -L/home/ramonskie/.rbenv/versions/3.1.0/lib -lruby  -lssl -lcrypto -lcrypto -lssl -lm  -lc"
checked program was:
/* begin */
 1: #include "ruby.h"
 2: 
 3: /*top*/
 4: extern int t(void);
 5: int main(int argc, char **argv)
 6: {
 7:   if (argc > 1000000) {
 8:     int (* volatile tp)(void)=(int (*)(void))&t;
 9:     printf("%d", (*tp)());
10:   }
11: 
12:   return !!argv[argc];
13: }
14: int t(void) { void ((*volatile p)()); p = (void ((*)()))rb_thread_fd_select; return !p; }
/* end */

--------------------

have_func: checking for inotify_init() in sys/inotify.h... -------------------- yes

LD_LIBRARY_PATH=.:/home/ramonskie/.rbenv/versions/3.1.0/lib "gcc -o conftest -I/home/ramonskie/.rbenv/versions/3.1.0/include/ruby-3.1.0/x86_64-linux -I/home/ramonskie/.rbenv/versions/3.1.0/include/ruby-3.1.0/ruby/backward -I/home/ramonskie/.rbenv/versions/3.1.0/include/ruby-3.1.0 -I.  -I/home/ramonskie/.rbenv/versions/3.1.0/include    -O3 -fno-fast-math -ggdb3 -Wall -Wextra -Wdeprecated-declarations -Wduplicated-cond -Wimplicit-function-declaration -Wimplicit-int -Wmisleading-indentation -Wpointer-arith -Wwrite-strings -Wimplicit-fallthrough=0 -Wmissing-noreturn -Wno-cast-function-type -Wno-constant-logical-operand -Wno-long-long -Wno-missing-field-initializers -Wno-overlength-strings -Wno-packed-bitfield-compat -Wno-parentheses-equality -Wno-self-assign -Wno-tautological-compare -Wno-unused-parameter -Wno-unused-value -Wsuggest-attribute=format -Wsuggest-attribute=noreturn -Wunused-variable -Wundef  -fPIC  conftest.c  -L. -L/home/ramonskie/.rbenv/versions/3.1.0/lib -Wl,-rpath,/home/ramonskie/.rbenv/versions/3.1.0/lib -L. -L/home/ramonskie/.rbenv/versions/3.1.0/lib  -fstack-protector-strong -rdynamic -Wl,-export-dynamic -Wl,--no-as-needed      -lssl -lcrypto -lcrypto -lssl -Wl,-rpath,/home/ramonskie/.rbenv/versions/3.1.0/lib -L/home/ramonskie/.rbenv/versions/3.1.0/lib -lruby  -lssl -lcrypto -lcrypto -lssl -lm  -lc"
checked program was:
/* begin */
 1: #include "ruby.h"
 2: 
 3: #include <sys/inotify.h>
 4: 
 5: /*top*/
 6: extern int t(void);
 7: int main(int argc, char **argv)
 8: {
 9:   if (argc > 1000000) {
10:     int (* volatile tp)(void)=(int (*)(void))&t;
11:     printf("%d", (*tp)());
12:   }
13: 
14:   return !!argv[argc];
15: }
16: int t(void) { void ((*volatile p)()); p = (void ((*)()))inotify_init; return !p; }
/* end */

--------------------

have_func: checking for writev() in sys/uio.h... -------------------- yes

LD_LIBRARY_PATH=.:/home/ramonskie/.rbenv/versions/3.1.0/lib "gcc -o conftest -I/home/ramonskie/.rbenv/versions/3.1.0/include/ruby-3.1.0/x86_64-linux -I/home/ramonskie/.rbenv/versions/3.1.0/include/ruby-3.1.0/ruby/backward -I/home/ramonskie/.rbenv/versions/3.1.0/include/ruby-3.1.0 -I.  -I/home/ramonskie/.rbenv/versions/3.1.0/include    -O3 -fno-fast-math -ggdb3 -Wall -Wextra -Wdeprecated-declarations -Wduplicated-cond -Wimplicit-function-declaration -Wimplicit-int -Wmisleading-indentation -Wpointer-arith -Wwrite-strings -Wimplicit-fallthrough=0 -Wmissing-noreturn -Wno-cast-function-type -Wno-constant-logical-operand -Wno-long-long -Wno-missing-field-initializers -Wno-overlength-strings -Wno-packed-bitfield-compat -Wno-parentheses-equality -Wno-self-assign -Wno-tautological-compare -Wno-unused-parameter -Wno-unused-value -Wsuggest-attribute=format -Wsuggest-attribute=noreturn -Wunused-variable -Wundef  -fPIC  conftest.c  -L. -L/home/ramonskie/.rbenv/versions/3.1.0/lib -Wl,-rpath,/home/ramonskie/.rbenv/versions/3.1.0/lib -L. -L/home/ramonskie/.rbenv/versions/3.1.0/lib  -fstack-protector-strong -rdynamic -Wl,-export-dynamic -Wl,--no-as-needed      -lssl -lcrypto -lcrypto -lssl -Wl,-rpath,/home/ramonskie/.rbenv/versions/3.1.0/lib -L/home/ramonskie/.rbenv/versions/3.1.0/lib -lruby  -lssl -lcrypto -lcrypto -lssl -lm  -lc"
checked program was:
/* begin */
 1: #include "ruby.h"
 2: 
 3: #include <sys/uio.h>
 4: 
 5: /*top*/
 6: extern int t(void);
 7: int main(int argc, char **argv)
 8: {
 9:   if (argc > 1000000) {
10:     int (* volatile tp)(void)=(int (*)(void))&t;
11:     printf("%d", (*tp)());
12:   }
13: 
14:   return !!argv[argc];
15: }
16: int t(void) { void ((*volatile p)()); p = (void ((*)()))writev; return !p; }
/* end */

--------------------

have_func: checking for pipe2() in unistd.h... -------------------- yes

LD_LIBRARY_PATH=.:/home/ramonskie/.rbenv/versions/3.1.0/lib "gcc -o conftest -I/home/ramonskie/.rbenv/versions/3.1.0/include/ruby-3.1.0/x86_64-linux -I/home/ramonskie/.rbenv/versions/3.1.0/include/ruby-3.1.0/ruby/backward -I/home/ramonskie/.rbenv/versions/3.1.0/include/ruby-3.1.0 -I.  -I/home/ramonskie/.rbenv/versions/3.1.0/include    -O3 -fno-fast-math -ggdb3 -Wall -Wextra -Wdeprecated-declarations -Wduplicated-cond -Wimplicit-function-declaration -Wimplicit-int -Wmisleading-indentation -Wpointer-arith -Wwrite-strings -Wimplicit-fallthrough=0 -Wmissing-noreturn -Wno-cast-function-type -Wno-constant-logical-operand -Wno-long-long -Wno-missing-field-initializers -Wno-overlength-strings -Wno-packed-bitfield-compat -Wno-parentheses-equality -Wno-self-assign -Wno-tautological-compare -Wno-unused-parameter -Wno-unused-value -Wsuggest-attribute=format -Wsuggest-attribute=noreturn -Wunused-variable -Wundef  -fPIC  conftest.c  -L. -L/home/ramonskie/.rbenv/versions/3.1.0/lib -Wl,-rpath,/home/ramonskie/.rbenv/versions/3.1.0/lib -L. -L/home/ramonskie/.rbenv/versions/3.1.0/lib  -fstack-protector-strong -rdynamic -Wl,-export-dynamic -Wl,--no-as-needed      -lssl -lcrypto -lcrypto -lssl -Wl,-rpath,/home/ramonskie/.rbenv/versions/3.1.0/lib -L/home/ramonskie/.rbenv/versions/3.1.0/lib -lruby  -lssl -lcrypto -lcrypto -lssl -lm  -lc"
checked program was:
/* begin */
 1: #include "ruby.h"
 2: 
 3: #include <unistd.h>
 4: 
 5: /*top*/
 6: extern int t(void);
 7: int main(int argc, char **argv)
 8: {
 9:   if (argc > 1000000) {
10:     int (* volatile tp)(void)=(int (*)(void))&t;
11:     printf("%d", (*tp)());
12:   }
13: 
14:   return !!argv[argc];
15: }
16: int t(void) { void ((*volatile p)()); p = (void ((*)()))pipe2; return !p; }
/* end */

--------------------

have_func: checking for accept4() in sys/socket.h... -------------------- yes

LD_LIBRARY_PATH=.:/home/ramonskie/.rbenv/versions/3.1.0/lib "gcc -o conftest -I/home/ramonskie/.rbenv/versions/3.1.0/include/ruby-3.1.0/x86_64-linux -I/home/ramonskie/.rbenv/versions/3.1.0/include/ruby-3.1.0/ruby/backward -I/home/ramonskie/.rbenv/versions/3.1.0/include/ruby-3.1.0 -I.  -I/home/ramonskie/.rbenv/versions/3.1.0/include    -O3 -fno-fast-math -ggdb3 -Wall -Wextra -Wdeprecated-declarations -Wduplicated-cond -Wimplicit-function-declaration -Wimplicit-int -Wmisleading-indentation -Wpointer-arith -Wwrite-strings -Wimplicit-fallthrough=0 -Wmissing-noreturn -Wno-cast-function-type -Wno-constant-logical-operand -Wno-long-long -Wno-missing-field-initializers -Wno-overlength-strings -Wno-packed-bitfield-compat -Wno-parentheses-equality -Wno-self-assign -Wno-tautological-compare -Wno-unused-parameter -Wno-unused-value -Wsuggest-attribute=format -Wsuggest-attribute=noreturn -Wunused-variable -Wundef  -fPIC  conftest.c  -L. -L/home/ramonskie/.rbenv/versions/3.1.0/lib -Wl,-rpath,/home/ramonskie/.rbenv/versions/3.1.0/lib -L. -L/home/ramonskie/.rbenv/versions/3.1.0/lib  -fstack-protector-strong -rdynamic -Wl,-export-dynamic -Wl,--no-as-needed      -lssl -lcrypto -lcrypto -lssl -Wl,-rpath,/home/ramonskie/.rbenv/versions/3.1.0/lib -L/home/ramonskie/.rbenv/versions/3.1.0/lib -lruby  -lssl -lcrypto -lcrypto -lssl -lm  -lc"
checked program was:
/* begin */
 1: #include "ruby.h"
 2: 
 3: #include <sys/socket.h>
 4: 
 5: /*top*/
 6: extern int t(void);
 7: int main(int argc, char **argv)
 8: {
 9:   if (argc > 1000000) {
10:     int (* volatile tp)(void)=(int (*)(void))&t;
11:     printf("%d", (*tp)());
12:   }
13: 
14:   return !!argv[argc];
15: }
16: int t(void) { void ((*volatile p)()); p = (void ((*)()))accept4; return !p; }
/* end */

--------------------

have_const: checking for SOCK_CLOEXEC in sys/socket.h... -------------------- yes

LD_LIBRARY_PATH=.:/home/ramonskie/.rbenv/versions/3.1.0/lib "gcc -I/home/ramonskie/.rbenv/versions/3.1.0/include/ruby-3.1.0/x86_64-linux -I/home/ramonskie/.rbenv/versions/3.1.0/include/ruby-3.1.0/ruby/backward -I/home/ramonskie/.rbenv/versions/3.1.0/include/ruby-3.1.0 -I.  -I/home/ramonskie/.rbenv/versions/3.1.0/include    -O3 -fno-fast-math -ggdb3 -Wall -Wextra -Wdeprecated-declarations -Wduplicated-cond -Wimplicit-function-declaration -Wimplicit-int -Wmisleading-indentation -Wpointer-arith -Wwrite-strings -Wimplicit-fallthrough=0 -Wmissing-noreturn -Wno-cast-function-type -Wno-constant-logical-operand -Wno-long-long -Wno-missing-field-initializers -Wno-overlength-strings -Wno-packed-bitfield-compat -Wno-parentheses-equality -Wno-self-assign -Wno-tautological-compare -Wno-unused-parameter -Wno-unused-value -Wsuggest-attribute=format -Wsuggest-attribute=noreturn -Wunused-variable -Wundef  -fPIC    -c conftest.c"
checked program was:
/* begin */
1: #include "ruby.h"
2: 
3: #include <sys/socket.h>
4: 
5: /*top*/
6: typedef int conftest_type;
7: conftest_type conftestval = (int)SOCK_CLOEXEC;
/* end */

--------------------

have_header: checking for sys/event.h... -------------------- no

LD_LIBRARY_PATH=.:/home/ramonskie/.rbenv/versions/3.1.0/lib "gcc -I/home/ramonskie/.rbenv/versions/3.1.0/include/ruby-3.1.0/x86_64-linux -I/home/ramonskie/.rbenv/versions/3.1.0/include/ruby-3.1.0/ruby/backward -I/home/ramonskie/.rbenv/versions/3.1.0/include/ruby-3.1.0 -I.  -I/home/ramonskie/.rbenv/versions/3.1.0/include    -O3 -fno-fast-math -ggdb3 -Wall -Wextra -Wdeprecated-declarations -Wduplicated-cond -Wimplicit-function-declaration -Wimplicit-int -Wmisleading-indentation -Wpointer-arith -Wwrite-strings -Wimplicit-fallthrough=0 -Wmissing-noreturn -Wno-cast-function-type -Wno-constant-logical-operand -Wno-long-long -Wno-missing-field-initializers -Wno-overlength-strings -Wno-packed-bitfield-compat -Wno-parentheses-equality -Wno-self-assign -Wno-tautological-compare -Wno-unused-parameter -Wno-unused-value -Wsuggest-attribute=format -Wsuggest-attribute=noreturn -Wunused-variable -Wundef  -fPIC    -c conftest.c"
conftest.c:3:10: fatal error: sys/event.h: No such file or directory
    3 | #include <sys/event.h>
      |          ^~~~~~~~~~~~~
compilation terminated.
checked program was:
/* begin */
1: #include "ruby.h"
2: 
3: #include <sys/event.h>
/* end */

--------------------

have_func: checking for epoll_create1() in sys/epoll.h... -------------------- yes

LD_LIBRARY_PATH=.:/home/ramonskie/.rbenv/versions/3.1.0/lib "gcc -o conftest -I/home/ramonskie/.rbenv/versions/3.1.0/include/ruby-3.1.0/x86_64-linux -I/home/ramonskie/.rbenv/versions/3.1.0/include/ruby-3.1.0/ruby/backward -I/home/ramonskie/.rbenv/versions/3.1.0/include/ruby-3.1.0 -I.  -I/home/ramonskie/.rbenv/versions/3.1.0/include    -O3 -fno-fast-math -ggdb3 -Wall -Wextra -Wdeprecated-declarations -Wduplicated-cond -Wimplicit-function-declaration -Wimplicit-int -Wmisleading-indentation -Wpointer-arith -Wwrite-strings -Wimplicit-fallthrough=0 -Wmissing-noreturn -Wno-cast-function-type -Wno-constant-logical-operand -Wno-long-long -Wno-missing-field-initializers -Wno-overlength-strings -Wno-packed-bitfield-compat -Wno-parentheses-equality -Wno-self-assign -Wno-tautological-compare -Wno-unused-parameter -Wno-unused-value -Wsuggest-attribute=format -Wsuggest-attribute=noreturn -Wunused-variable -Wundef  -fPIC  conftest.c  -L. -L/home/ramonskie/.rbenv/versions/3.1.0/lib -Wl,-rpath,/home/ramonskie/.rbenv/versions/3.1.0/lib -L. -L/home/ramonskie/.rbenv/versions/3.1.0/lib  -fstack-protector-strong -rdynamic -Wl,-export-dynamic -Wl,--no-as-needed      -lssl -lcrypto -lcrypto -lssl -Wl,-rpath,/home/ramonskie/.rbenv/versions/3.1.0/lib -L/home/ramonskie/.rbenv/versions/3.1.0/lib -lruby  -lssl -lcrypto -lcrypto -lssl -lm  -lc"
checked program was:
/* begin */
 1: #include "ruby.h"
 2: 
 3: #include <sys/epoll.h>
 4: 
 5: /*top*/
 6: extern int t(void);
 7: int main(int argc, char **argv)
 8: {
 9:   if (argc > 1000000) {
10:     int (* volatile tp)(void)=(int (*)(void))&t;
11:     printf("%d", (*tp)());
12:   }
13: 
14:   return !!argv[argc];
15: }
16: int t(void) { void ((*volatile p)()); p = (void ((*)()))epoll_create1; return !p; }
/* end */

--------------------

have_func: checking for clock_gettime()... -------------------- yes

LD_LIBRARY_PATH=.:/home/ramonskie/.rbenv/versions/3.1.0/lib "gcc -o conftest -I/home/ramonskie/.rbenv/versions/3.1.0/include/ruby-3.1.0/x86_64-linux -I/home/ramonskie/.rbenv/versions/3.1.0/include/ruby-3.1.0/ruby/backward -I/home/ramonskie/.rbenv/versions/3.1.0/include/ruby-3.1.0 -I.  -I/home/ramonskie/.rbenv/versions/3.1.0/include    -O3 -fno-fast-math -ggdb3 -Wall -Wextra -Wdeprecated-declarations -Wduplicated-cond -Wimplicit-function-declaration -Wimplicit-int -Wmisleading-indentation -Wpointer-arith -Wwrite-strings -Wimplicit-fallthrough=0 -Wmissing-noreturn -Wno-cast-function-type -Wno-constant-logical-operand -Wno-long-long -Wno-missing-field-initializers -Wno-overlength-strings -Wno-packed-bitfield-compat -Wno-parentheses-equality -Wno-self-assign -Wno-tautological-compare -Wno-unused-parameter -Wno-unused-value -Wsuggest-attribute=format -Wsuggest-attribute=noreturn -Wunused-variable -Wundef  -fPIC  conftest.c  -L. -L/home/ramonskie/.rbenv/versions/3.1.0/lib -Wl,-rpath,/home/ramonskie/.rbenv/versions/3.1.0/lib -L. -L/home/ramonskie/.rbenv/versions/3.1.0/lib  -fstack-protector-strong -rdynamic -Wl,-export-dynamic -Wl,--no-as-needed      -lssl -lcrypto -lcrypto -lssl -Wl,-rpath,/home/ramonskie/.rbenv/versions/3.1.0/lib -L/home/ramonskie/.rbenv/versions/3.1.0/lib -lruby  -lssl -lcrypto -lcrypto -lssl -lm  -lc"
checked program was:
/* begin */
 1: #include "ruby.h"
 2: 
 3: /*top*/
 4: extern int t(void);
 5: int main(int argc, char **argv)
 6: {
 7:   if (argc > 1000000) {
 8:     int (* volatile tp)(void)=(int (*)(void))&t;
 9:     printf("%d", (*tp)());
10:   }
11: 
12:   return !!argv[argc];
13: }
14: int t(void) { void ((*volatile p)()); p = (void ((*)()))clock_gettime; return !p; }
/* end */

--------------------

have_const: checking for CLOCK_MONOTONIC_RAW in time.h... -------------------- yes

LD_LIBRARY_PATH=.:/home/ramonskie/.rbenv/versions/3.1.0/lib "gcc -I/home/ramonskie/.rbenv/versions/3.1.0/include/ruby-3.1.0/x86_64-linux -I/home/ramonskie/.rbenv/versions/3.1.0/include/ruby-3.1.0/ruby/backward -I/home/ramonskie/.rbenv/versions/3.1.0/include/ruby-3.1.0 -I.  -I/home/ramonskie/.rbenv/versions/3.1.0/include    -O3 -fno-fast-math -ggdb3 -Wall -Wextra -Wdeprecated-declarations -Wduplicated-cond -Wimplicit-function-declaration -Wimplicit-int -Wmisleading-indentation -Wpointer-arith -Wwrite-strings -Wimplicit-fallthrough=0 -Wmissing-noreturn -Wno-cast-function-type -Wno-constant-logical-operand -Wno-long-long -Wno-missing-field-initializers -Wno-overlength-strings -Wno-packed-bitfield-compat -Wno-parentheses-equality -Wno-self-assign -Wno-tautological-compare -Wno-unused-parameter -Wno-unused-value -Wsuggest-attribute=format -Wsuggest-attribute=noreturn -Wunused-variable -Wundef  -fPIC    -c conftest.c"
checked program was:
/* begin */
1: #include "ruby.h"
2: 
3: #include <time.h>
4: 
5: /*top*/
6: typedef int conftest_type;
7: conftest_type conftestval = (int)CLOCK_MONOTONIC_RAW;
/* end */

--------------------

have_const: checking for CLOCK_MONOTONIC in time.h... -------------------- yes

LD_LIBRARY_PATH=.:/home/ramonskie/.rbenv/versions/3.1.0/lib "gcc -I/home/ramonskie/.rbenv/versions/3.1.0/include/ruby-3.1.0/x86_64-linux -I/home/ramonskie/.rbenv/versions/3.1.0/include/ruby-3.1.0/ruby/backward -I/home/ramonskie/.rbenv/versions/3.1.0/include/ruby-3.1.0 -I.  -I/home/ramonskie/.rbenv/versions/3.1.0/include    -O3 -fno-fast-math -ggdb3 -Wall -Wextra -Wdeprecated-declarations -Wduplicated-cond -Wimplicit-function-declaration -Wimplicit-int -Wmisleading-indentation -Wpointer-arith -Wwrite-strings -Wimplicit-fallthrough=0 -Wmissing-noreturn -Wno-cast-function-type -Wno-constant-logical-operand -Wno-long-long -Wno-missing-field-initializers -Wno-overlength-strings -Wno-packed-bitfield-compat -Wno-parentheses-equality -Wno-self-assign -Wno-tautological-compare -Wno-unused-parameter -Wno-unused-value -Wsuggest-attribute=format -Wsuggest-attribute=noreturn -Wunused-variable -Wundef  -fPIC    -c conftest.c"
checked program was:
/* begin */
1: #include "ruby.h"
2: 
3: #include <time.h>
4: 
5: /*top*/
6: typedef int conftest_type;
7: conftest_type conftestval = (int)CLOCK_MONOTONIC;
/* end */

--------------------

have_func: checking for TLS_server_method() in openssl/ssl.h... -------------------- yes

LD_LIBRARY_PATH=.:/home/ramonskie/.rbenv/versions/3.1.0/lib "gcc -o conftest -I/home/ramonskie/.rbenv/versions/3.1.0/include/ruby-3.1.0/x86_64-linux -I/home/ramonskie/.rbenv/versions/3.1.0/include/ruby-3.1.0/ruby/backward -I/home/ramonskie/.rbenv/versions/3.1.0/include/ruby-3.1.0 -I.  -I/home/ramonskie/.rbenv/versions/3.1.0/include    -O3 -fno-fast-math -ggdb3 -Wall -Wextra -Wdeprecated-declarations -Wduplicated-cond -Wimplicit-function-declaration -Wimplicit-int -Wmisleading-indentation -Wpointer-arith -Wwrite-strings -Wimplicit-fallthrough=0 -Wmissing-noreturn -Wno-cast-function-type -Wno-constant-logical-operand -Wno-long-long -Wno-missing-field-initializers -Wno-overlength-strings -Wno-packed-bitfield-compat -Wno-parentheses-equality -Wno-self-assign -Wno-tautological-compare -Wno-unused-parameter -Wno-unused-value -Wsuggest-attribute=format -Wsuggest-attribute=noreturn -Wunused-variable -Wundef  -fPIC  conftest.c  -L. -L/home/ramonskie/.rbenv/versions/3.1.0/lib -Wl,-rpath,/home/ramonskie/.rbenv/versions/3.1.0/lib -L. -L/home/ramonskie/.rbenv/versions/3.1.0/lib  -fstack-protector-strong -rdynamic -Wl,-export-dynamic -Wl,--no-as-needed      -lssl -lcrypto -lcrypto -lssl -Wl,-rpath,/home/ramonskie/.rbenv/versions/3.1.0/lib -L/home/ramonskie/.rbenv/versions/3.1.0/lib -lruby  -lssl -lcrypto -lcrypto -lssl -lm  -lc"
checked program was:
/* begin */
 1: #include "ruby.h"
 2: 
 3: #include <openssl/ssl.h>
 4: 
 5: /*top*/
 6: extern int t(void);
 7: int main(int argc, char **argv)
 8: {
 9:   if (argc > 1000000) {
10:     int (* volatile tp)(void)=(int (*)(void))&t;
11:     printf("%d", (*tp)());
12:   }
13: 
14:   return !!argv[argc];
15: }
16: int t(void) { void ((*volatile p)()); p = (void ((*)()))TLS_server_method; return !p; }
/* end */

--------------------

have_macro: checking for SSL_CTX_set_min_proto_version in openssl/ssl.h... -------------------- yes

LD_LIBRARY_PATH=.:/home/ramonskie/.rbenv/versions/3.1.0/lib "gcc -I/home/ramonskie/.rbenv/versions/3.1.0/include/ruby-3.1.0/x86_64-linux -I/home/ramonskie/.rbenv/versions/3.1.0/include/ruby-3.1.0/ruby/backward -I/home/ramonskie/.rbenv/versions/3.1.0/include/ruby-3.1.0 -I.  -I/home/ramonskie/.rbenv/versions/3.1.0/include    -O3 -fno-fast-math -ggdb3 -Wall -Wextra -Wdeprecated-declarations -Wduplicated-cond -Wimplicit-function-declaration -Wimplicit-int -Wmisleading-indentation -Wpointer-arith -Wwrite-strings -Wimplicit-fallthrough=0 -Wmissing-noreturn -Wno-cast-function-type -Wno-constant-logical-operand -Wno-long-long -Wno-missing-field-initializers -Wno-overlength-strings -Wno-packed-bitfield-compat -Wno-parentheses-equality -Wno-self-assign -Wno-tautological-compare -Wno-unused-parameter -Wno-unused-value -Wsuggest-attribute=format -Wsuggest-attribute=noreturn -Wunused-variable -Wundef  -fPIC    -c conftest.c"
checked program was:
/* begin */
1: #include "ruby.h"
2: 
3: #include <openssl/ssl.h>
4: /*top*/
5: #ifndef SSL_CTX_set_min_proto_version
6: # error
7: |:/ === SSL_CTX_set_min_proto_version undefined === /:|
8: #endif
/* end */

--------------------

LD_LIBRARY_PATH=.:/home/ramonskie/.rbenv/versions/3.1.0/lib "g++ -o conftest -I/home/ramonskie/.rbenv/versions/3.1.0/include/ruby-3.1.0/x86_64-linux -I/home/ramonskie/.rbenv/versions/3.1.0/include/ruby-3.1.0/ruby/backward -I/home/ramonskie/.rbenv/versions/3.1.0/include/ruby-3.1.0 -I.  -I/home/ramonskie/.rbenv/versions/3.1.0/include    -O3 -fno-fast-math -ggdb3 -Wall -Wextra -Wdeprecated-declarations -Wduplicated-cond -Wimplicit-function-declaration -Wimplicit-int -Wmisleading-indentation -Wpointer-arith -Wwrite-strings -Wimplicit-fallthrough=0 -Wmissing-noreturn -Wno-cast-function-type -Wno-constant-logical-operand -Wno-long-long -Wno-missing-field-initializers -Wno-overlength-strings -Wno-packed-bitfield-compat -Wno-parentheses-equality -Wno-self-assign -Wno-tautological-compare -Wno-unused-parameter -Wno-unused-value -Wsuggest-attribute=format -Wsuggest-attribute=noreturn -Wunused-variable -Wundef  -fPIC  conftest.c  -L. -L/home/ramonskie/.rbenv/versions/3.1.0/lib -Wl,-rpath,/home/ramonskie/.rbenv/versions/3.1.0/lib -L. -L/home/ramonskie/.rbenv/versions/3.1.0/lib  -fstack-protector-strong -rdynamic -Wl,-export-dynamic -Wl,--no-as-needed      -lssl -lcrypto -lcrypto -lssl -Wl,-rpath,/home/ramonskie/.rbenv/versions/3.1.0/lib -L/home/ramonskie/.rbenv/versions/3.1.0/lib -lruby -Wall -lm  -lc"
cc1plus: warning: command line option ‘-Wimplicit-function-declaration’ is valid for C/ObjC but not for C++
cc1plus: warning: command line option ‘-Wimplicit-int’ is valid for C/ObjC but not for C++
In file included from /home/ramonskie/.rbenv/versions/3.1.0/include/ruby-3.1.0/ruby/internal/anyargs.h:83,
                 from /home/ramonskie/.rbenv/versions/3.1.0/include/ruby-3.1.0/ruby/ruby.h:26,
                 from /home/ramonskie/.rbenv/versions/3.1.0/include/ruby-3.1.0/ruby.h:38,
                 from conftest.c:1:
/home/ramonskie/.rbenv/versions/3.1.0/include/ruby-3.1.0/ruby/backward/cxxanyargs.hpp:540:6: warning: "RUBY_API_VERSION_MAJOR" is not defined, evaluates to 0 [-Wundef]
  540 | #if (RUBY_API_VERSION_MAJOR * 100 + RUBY_API_VERSION_MINOR) >= 301
      |      ^~~~~~~~~~~~~~~~~~~~~~
/home/ramonskie/.rbenv/versions/3.1.0/include/ruby-3.1.0/ruby/backward/cxxanyargs.hpp:540:37: warning: "RUBY_API_VERSION_MINOR" is not defined, evaluates to 0 [-Wundef]
  540 | #if (RUBY_API_VERSION_MAJOR * 100 + RUBY_API_VERSION_MINOR) >= 301
      |                                     ^~~~~~~~~~~~~~~~~~~~~~
cc1plus: warning: unrecognized command line option ‘-Wno-self-assign’
cc1plus: warning: unrecognized command line option ‘-Wno-parentheses-equality’
cc1plus: warning: unrecognized command line option ‘-Wno-constant-logical-operand’
checked program was:
/* begin */
1: #include "ruby.h"
2: 
3: int main() {return 0;}
/* end */

LD_LIBRARY_PATH=.:/home/ramonskie/.rbenv/versions/3.1.0/lib "g++ -o conftest -I/home/ramonskie/.rbenv/versions/3.1.0/include/ruby-3.1.0/x86_64-linux -I/home/ramonskie/.rbenv/versions/3.1.0/include/ruby-3.1.0/ruby/backward -I/home/ramonskie/.rbenv/versions/3.1.0/include/ruby-3.1.0 -I.  -I/home/ramonskie/.rbenv/versions/3.1.0/include    -O3 -fno-fast-math -ggdb3 -Wall -Wextra -Wdeprecated-declarations -Wduplicated-cond -Wimplicit-function-declaration -Wimplicit-int -Wmisleading-indentation -Wpointer-arith -Wwrite-strings -Wimplicit-fallthrough=0 -Wmissing-noreturn -Wno-cast-function-type -Wno-constant-logical-operand -Wno-long-long -Wno-missing-field-initializers -Wno-overlength-strings -Wno-packed-bitfield-compat -Wno-parentheses-equality -Wno-self-assign -Wno-tautological-compare -Wno-unused-parameter -Wno-unused-value -Wsuggest-attribute=format -Wsuggest-attribute=noreturn -Wunused-variable -Wundef  -fPIC  conftest.c  -L. -L/home/ramonskie/.rbenv/versions/3.1.0/lib -Wl,-rpath,/home/ramonskie/.rbenv/versions/3.1.0/lib -L. -L/home/ramonskie/.rbenv/versions/3.1.0/lib  -fstack-protector-strong -rdynamic -Wl,-export-dynamic -Wl,--no-as-needed      -lssl -lcrypto -lcrypto -lssl -Wl,-rpath,/home/ramonskie/.rbenv/versions/3.1.0/lib -L/home/ramonskie/.rbenv/versions/3.1.0/lib -lruby -Wextra -lm  -lc"
cc1plus: warning: command line option ‘-Wimplicit-function-declaration’ is valid for C/ObjC but not for C++
cc1plus: warning: command line option ‘-Wimplicit-int’ is valid for C/ObjC but not for C++
In file included from /home/ramonskie/.rbenv/versions/3.1.0/include/ruby-3.1.0/ruby/internal/anyargs.h:83,
                 from /home/ramonskie/.rbenv/versions/3.1.0/include/ruby-3.1.0/ruby/ruby.h:26,
                 from /home/ramonskie/.rbenv/versions/3.1.0/include/ruby-3.1.0/ruby.h:38,
                 from conftest.c:1:
/home/ramonskie/.rbenv/versions/3.1.0/include/ruby-3.1.0/ruby/backward/cxxanyargs.hpp:540:6: warning: "RUBY_API_VERSION_MAJOR" is not defined, evaluates to 0 [-Wundef]
  540 | #if (RUBY_API_VERSION_MAJOR * 100 + RUBY_API_VERSION_MINOR) >= 301
      |      ^~~~~~~~~~~~~~~~~~~~~~
/home/ramonskie/.rbenv/versions/3.1.0/include/ruby-3.1.0/ruby/backward/cxxanyargs.hpp:540:37: warning: "RUBY_API_VERSION_MINOR" is not defined, evaluates to 0 [-Wundef]
  540 | #if (RUBY_API_VERSION_MAJOR * 100 + RUBY_API_VERSION_MINOR) >= 301
      |                                     ^~~~~~~~~~~~~~~~~~~~~~
cc1plus: warning: unrecognized command line option ‘-Wno-self-assign’
cc1plus: warning: unrecognized command line option ‘-Wno-parentheses-equality’
cc1plus: warning: unrecognized command line option ‘-Wno-constant-logical-operand’
checked program was:
/* begin */
1: #include "ruby.h"
2: 
3: int main() {return 0;}
/* end */

LD_LIBRARY_PATH=.:/home/ramonskie/.rbenv/versions/3.1.0/lib "g++ -o conftest -I/home/ramonskie/.rbenv/versions/3.1.0/include/ruby-3.1.0/x86_64-linux -I/home/ramonskie/.rbenv/versions/3.1.0/include/ruby-3.1.0/ruby/backward -I/home/ramonskie/.rbenv/versions/3.1.0/include/ruby-3.1.0 -I.  -I/home/ramonskie/.rbenv/versions/3.1.0/include    -O3 -fno-fast-math -ggdb3 -Wall -Wextra -Wdeprecated-declarations -Wduplicated-cond -Wimplicit-function-declaration -Wimplicit-int -Wmisleading-indentation -Wpointer-arith -Wwrite-strings -Wimplicit-fallthrough=0 -Wmissing-noreturn -Wno-cast-function-type -Wno-constant-logical-operand -Wno-long-long -Wno-missing-field-initializers -Wno-overlength-strings -Wno-packed-bitfield-compat -Wno-parentheses-equality -Wno-self-assign -Wno-tautological-compare -Wno-unused-parameter -Wno-unused-value -Wsuggest-attribute=format -Wsuggest-attribute=noreturn -Wunused-variable -Wundef  -fPIC  conftest.c  -L. -L/home/ramonskie/.rbenv/versions/3.1.0/lib -Wl,-rpath,/home/ramonskie/.rbenv/versions/3.1.0/lib -L. -L/home/ramonskie/.rbenv/versions/3.1.0/lib  -fstack-protector-strong -rdynamic -Wl,-export-dynamic -Wl,--no-as-needed      -lssl -lcrypto -lcrypto -lssl -Wl,-rpath,/home/ramonskie/.rbenv/versions/3.1.0/lib -L/home/ramonskie/.rbenv/versions/3.1.0/lib -lruby -Wno-deprecated-declarations -lm  -lc"
cc1plus: warning: command line option ‘-Wimplicit-function-declaration’ is valid for C/ObjC but not for C++
cc1plus: warning: command line option ‘-Wimplicit-int’ is valid for C/ObjC but not for C++
In file included from /home/ramonskie/.rbenv/versions/3.1.0/include/ruby-3.1.0/ruby/internal/anyargs.h:83,
                 from /home/ramonskie/.rbenv/versions/3.1.0/include/ruby-3.1.0/ruby/ruby.h:26,
                 from /home/ramonskie/.rbenv/versions/3.1.0/include/ruby-3.1.0/ruby.h:38,
                 from conftest.c:1:
/home/ramonskie/.rbenv/versions/3.1.0/include/ruby-3.1.0/ruby/backward/cxxanyargs.hpp:540:6: warning: "RUBY_API_VERSION_MAJOR" is not defined, evaluates to 0 [-Wundef]
  540 | #if (RUBY_API_VERSION_MAJOR * 100 + RUBY_API_VERSION_MINOR) >= 301
      |      ^~~~~~~~~~~~~~~~~~~~~~
/home/ramonskie/.rbenv/versions/3.1.0/include/ruby-3.1.0/ruby/backward/cxxanyargs.hpp:540:37: warning: "RUBY_API_VERSION_MINOR" is not defined, evaluates to 0 [-Wundef]
  540 | #if (RUBY_API_VERSION_MAJOR * 100 + RUBY_API_VERSION_MINOR) >= 301
      |                                     ^~~~~~~~~~~~~~~~~~~~~~
cc1plus: warning: unrecognized command line option ‘-Wno-self-assign’
cc1plus: warning: unrecognized command line option ‘-Wno-parentheses-equality’
cc1plus: warning: unrecognized command line option ‘-Wno-constant-logical-operand’
checked program was:
/* begin */
1: #include "ruby.h"
2: 
3: int main() {return 0;}
/* end */

LD_LIBRARY_PATH=.:/home/ramonskie/.rbenv/versions/3.1.0/lib "g++ -o conftest -I/home/ramonskie/.rbenv/versions/3.1.0/include/ruby-3.1.0/x86_64-linux -I/home/ramonskie/.rbenv/versions/3.1.0/include/ruby-3.1.0/ruby/backward -I/home/ramonskie/.rbenv/versions/3.1.0/include/ruby-3.1.0 -I.  -I/home/ramonskie/.rbenv/versions/3.1.0/include    -O3 -fno-fast-math -ggdb3 -Wall -Wextra -Wdeprecated-declarations -Wduplicated-cond -Wimplicit-function-declaration -Wimplicit-int -Wmisleading-indentation -Wpointer-arith -Wwrite-strings -Wimplicit-fallthrough=0 -Wmissing-noreturn -Wno-cast-function-type -Wno-constant-logical-operand -Wno-long-long -Wno-missing-field-initializers -Wno-overlength-strings -Wno-packed-bitfield-compat -Wno-parentheses-equality -Wno-self-assign -Wno-tautological-compare -Wno-unused-parameter -Wno-unused-value -Wsuggest-attribute=format -Wsuggest-attribute=noreturn -Wunused-variable -Wundef  -fPIC  conftest.c  -L. -L/home/ramonskie/.rbenv/versions/3.1.0/lib -Wl,-rpath,/home/ramonskie/.rbenv/versions/3.1.0/lib -L. -L/home/ramonskie/.rbenv/versions/3.1.0/lib  -fstack-protector-strong -rdynamic -Wl,-export-dynamic -Wl,--no-as-needed      -lssl -lcrypto -lcrypto -lssl -Wl,-rpath,/home/ramonskie/.rbenv/versions/3.1.0/lib -L/home/ramonskie/.rbenv/versions/3.1.0/lib -lruby -Wno-ignored-qualifiers -lm  -lc"
cc1plus: warning: command line option ‘-Wimplicit-function-declaration’ is valid for C/ObjC but not for C++
cc1plus: warning: command line option ‘-Wimplicit-int’ is valid for C/ObjC but not for C++
In file included from /home/ramonskie/.rbenv/versions/3.1.0/include/ruby-3.1.0/ruby/internal/anyargs.h:83,
                 from /home/ramonskie/.rbenv/versions/3.1.0/include/ruby-3.1.0/ruby/ruby.h:26,
                 from /home/ramonskie/.rbenv/versions/3.1.0/include/ruby-3.1.0/ruby.h:38,
                 from conftest.c:1:
/home/ramonskie/.rbenv/versions/3.1.0/include/ruby-3.1.0/ruby/backward/cxxanyargs.hpp:540:6: warning: "RUBY_API_VERSION_MAJOR" is not defined, evaluates to 0 [-Wundef]
  540 | #if (RUBY_API_VERSION_MAJOR * 100 + RUBY_API_VERSION_MINOR) >= 301
      |      ^~~~~~~~~~~~~~~~~~~~~~
/home/ramonskie/.rbenv/versions/3.1.0/include/ruby-3.1.0/ruby/backward/cxxanyargs.hpp:540:37: warning: "RUBY_API_VERSION_MINOR" is not defined, evaluates to 0 [-Wundef]
  540 | #if (RUBY_API_VERSION_MAJOR * 100 + RUBY_API_VERSION_MINOR) >= 301
      |                                     ^~~~~~~~~~~~~~~~~~~~~~
cc1plus: warning: unrecognized command line option ‘-Wno-self-assign’
cc1plus: warning: unrecognized command line option ‘-Wno-parentheses-equality’
cc1plus: warning: unrecognized command line option ‘-Wno-constant-logical-operand’
checked program was:
/* begin */
1: #include "ruby.h"
2: 
3: int main() {return 0;}
/* end */

LD_LIBRARY_PATH=.:/home/ramonskie/.rbenv/versions/3.1.0/lib "g++ -o conftest -I/home/ramonskie/.rbenv/versions/3.1.0/include/ruby-3.1.0/x86_64-linux -I/home/ramonskie/.rbenv/versions/3.1.0/include/ruby-3.1.0/ruby/backward -I/home/ramonskie/.rbenv/versions/3.1.0/include/ruby-3.1.0 -I.  -I/home/ramonskie/.rbenv/versions/3.1.0/include    -O3 -fno-fast-math -ggdb3 -Wall -Wextra -Wdeprecated-declarations -Wduplicated-cond -Wimplicit-function-declaration -Wimplicit-int -Wmisleading-indentation -Wpointer-arith -Wwrite-strings -Wimplicit-fallthrough=0 -Wmissing-noreturn -Wno-cast-function-type -Wno-constant-logical-operand -Wno-long-long -Wno-missing-field-initializers -Wno-overlength-strings -Wno-packed-bitfield-compat -Wno-parentheses-equality -Wno-self-assign -Wno-tautological-compare -Wno-unused-parameter -Wno-unused-value -Wsuggest-attribute=format -Wsuggest-attribute=noreturn -Wunused-variable -Wundef  -fPIC  conftest.c  -L. -L/home/ramonskie/.rbenv/versions/3.1.0/lib -Wl,-rpath,/home/ramonskie/.rbenv/versions/3.1.0/lib -L. -L/home/ramonskie/.rbenv/versions/3.1.0/lib  -fstack-protector-strong -rdynamic -Wl,-export-dynamic -Wl,--no-as-needed      -lssl -lcrypto -lcrypto -lssl -Wl,-rpath,/home/ramonskie/.rbenv/versions/3.1.0/lib -L/home/ramonskie/.rbenv/versions/3.1.0/lib -lruby -Wno-unused-result -lm  -lc"
cc1plus: warning: command line option ‘-Wimplicit-function-declaration’ is valid for C/ObjC but not for C++
cc1plus: warning: command line option ‘-Wimplicit-int’ is valid for C/ObjC but not for C++
In file included from /home/ramonskie/.rbenv/versions/3.1.0/include/ruby-3.1.0/ruby/internal/anyargs.h:83,
                 from /home/ramonskie/.rbenv/versions/3.1.0/include/ruby-3.1.0/ruby/ruby.h:26,
                 from /home/ramonskie/.rbenv/versions/3.1.0/include/ruby-3.1.0/ruby.h:38,
                 from conftest.c:1:
/home/ramonskie/.rbenv/versions/3.1.0/include/ruby-3.1.0/ruby/backward/cxxanyargs.hpp:540:6: warning: "RUBY_API_VERSION_MAJOR" is not defined, evaluates to 0 [-Wundef]
  540 | #if (RUBY_API_VERSION_MAJOR * 100 + RUBY_API_VERSION_MINOR) >= 301
      |      ^~~~~~~~~~~~~~~~~~~~~~
/home/ramonskie/.rbenv/versions/3.1.0/include/ruby-3.1.0/ruby/backward/cxxanyargs.hpp:540:37: warning: "RUBY_API_VERSION_MINOR" is not defined, evaluates to 0 [-Wundef]
  540 | #if (RUBY_API_VERSION_MAJOR * 100 + RUBY_API_VERSION_MINOR) >= 301
      |                                     ^~~~~~~~~~~~~~~~~~~~~~
cc1plus: warning: unrecognized command line option ‘-Wno-self-assign’
cc1plus: warning: unrecognized command line option ‘-Wno-parentheses-equality’
cc1plus: warning: unrecognized command line option ‘-Wno-constant-logical-operand’
checked program was:
/* begin */
1: #include "ruby.h"
2: 
3: int main() {return 0;}
/* end */

LD_LIBRARY_PATH=.:/home/ramonskie/.rbenv/versions/3.1.0/lib "g++ -o conftest -I/home/ramonskie/.rbenv/versions/3.1.0/include/ruby-3.1.0/x86_64-linux -I/home/ramonskie/.rbenv/versions/3.1.0/include/ruby-3.1.0/ruby/backward -I/home/ramonskie/.rbenv/versions/3.1.0/include/ruby-3.1.0 -I.  -I/home/ramonskie/.rbenv/versions/3.1.0/include    -O3 -fno-fast-math -ggdb3 -Wall -Wextra -Wdeprecated-declarations -Wduplicated-cond -Wimplicit-function-declaration -Wimplicit-int -Wmisleading-indentation -Wpointer-arith -Wwrite-strings -Wimplicit-fallthrough=0 -Wmissing-noreturn -Wno-cast-function-type -Wno-constant-logical-operand -Wno-long-long -Wno-missing-field-initializers -Wno-overlength-strings -Wno-packed-bitfield-compat -Wno-parentheses-equality -Wno-self-assign -Wno-tautological-compare -Wno-unused-parameter -Wno-unused-value -Wsuggest-attribute=format -Wsuggest-attribute=noreturn -Wunused-variable -Wundef  -fPIC  conftest.c  -L. -L/home/ramonskie/.rbenv/versions/3.1.0/lib -Wl,-rpath,/home/ramonskie/.rbenv/versions/3.1.0/lib -L. -L/home/ramonskie/.rbenv/versions/3.1.0/lib  -fstack-protector-strong -rdynamic -Wl,-export-dynamic -Wl,--no-as-needed      -lssl -lcrypto -lcrypto -lssl -Wl,-rpath,/home/ramonskie/.rbenv/versions/3.1.0/lib -L/home/ramonskie/.rbenv/versions/3.1.0/lib -lruby -Wno-address -lm  -lc"
cc1plus: warning: command line option ‘-Wimplicit-function-declaration’ is valid for C/ObjC but not for C++
cc1plus: warning: command line option ‘-Wimplicit-int’ is valid for C/ObjC but not for C++
In file included from /home/ramonskie/.rbenv/versions/3.1.0/include/ruby-3.1.0/ruby/internal/anyargs.h:83,
                 from /home/ramonskie/.rbenv/versions/3.1.0/include/ruby-3.1.0/ruby/ruby.h:26,
                 from /home/ramonskie/.rbenv/versions/3.1.0/include/ruby-3.1.0/ruby.h:38,
                 from conftest.c:1:
/home/ramonskie/.rbenv/versions/3.1.0/include/ruby-3.1.0/ruby/backward/cxxanyargs.hpp:540:6: warning: "RUBY_API_VERSION_MAJOR" is not defined, evaluates to 0 [-Wundef]
  540 | #if (RUBY_API_VERSION_MAJOR * 100 + RUBY_API_VERSION_MINOR) >= 301
      |      ^~~~~~~~~~~~~~~~~~~~~~
/home/ramonskie/.rbenv/versions/3.1.0/include/ruby-3.1.0/ruby/backward/cxxanyargs.hpp:540:37: warning: "RUBY_API_VERSION_MINOR" is not defined, evaluates to 0 [-Wundef]
  540 | #if (RUBY_API_VERSION_MAJOR * 100 + RUBY_API_VERSION_MINOR) >= 301
      |                                     ^~~~~~~~~~~~~~~~~~~~~~
cc1plus: warning: unrecognized command line option ‘-Wno-self-assign’
cc1plus: warning: unrecognized command line option ‘-Wno-parentheses-equality’
cc1plus: warning: unrecognized command line option ‘-Wno-constant-logical-operand’
checked program was:
/* begin */
1: #include "ruby.h"
2: 
3: int main() {return 0;}
/* end */

LD_LIBRARY_PATH=.:/home/ramonskie/.rbenv/versions/3.1.0/lib "g++ -o conftest -I/home/ramonskie/.rbenv/versions/3.1.0/include/ruby-3.1.0/x86_64-linux -I/home/ramonskie/.rbenv/versions/3.1.0/include/ruby-3.1.0/ruby/backward -I/home/ramonskie/.rbenv/versions/3.1.0/include/ruby-3.1.0 -I.  -I/home/ramonskie/.rbenv/versions/3.1.0/include    -O3 -fno-fast-math -ggdb3 -Wall -Wextra -Wdeprecated-declarations -Wduplicated-cond -Wimplicit-function-declaration -Wimplicit-int -Wmisleading-indentation -Wpointer-arith -Wwrite-strings -Wimplicit-fallthrough=0 -Wmissing-noreturn -Wno-cast-function-type -Wno-constant-logical-operand -Wno-long-long -Wno-missing-field-initializers -Wno-overlength-strings -Wno-packed-bitfield-compat -Wno-parentheses-equality -Wno-self-assign -Wno-tautological-compare -Wno-unused-parameter -Wno-unused-value -Wsuggest-attribute=format -Wsuggest-attribute=noreturn -Wunused-variable -Wundef  -fPIC  conftest.c  -L. -L/home/ramonskie/.rbenv/versions/3.1.0/lib -Wl,-rpath,/home/ramonskie/.rbenv/versions/3.1.0/lib -L. -L/home/ramonskie/.rbenv/versions/3.1.0/lib  -fstack-protector-strong -rdynamic -Wl,-export-dynamic -Wl,--no-as-needed      -lssl -lcrypto -lcrypto -lssl -Wl,-rpath,/home/ramonskie/.rbenv/versions/3.1.0/lib -L/home/ramonskie/.rbenv/versions/3.1.0/lib -lruby -lstdc++ -lm  -lc"
cc1plus: warning: command line option ‘-Wimplicit-function-declaration’ is valid for C/ObjC but not for C++
cc1plus: warning: command line option ‘-Wimplicit-int’ is valid for C/ObjC but not for C++
In file included from /home/ramonskie/.rbenv/versions/3.1.0/include/ruby-3.1.0/ruby/internal/anyargs.h:83,
                 from /home/ramonskie/.rbenv/versions/3.1.0/include/ruby-3.1.0/ruby/ruby.h:26,
                 from /home/ramonskie/.rbenv/versions/3.1.0/include/ruby-3.1.0/ruby.h:38,
                 from conftest.c:1:
/home/ramonskie/.rbenv/versions/3.1.0/include/ruby-3.1.0/ruby/backward/cxxanyargs.hpp:540:6: warning: "RUBY_API_VERSION_MAJOR" is not defined, evaluates to 0 [-Wundef]
  540 | #if (RUBY_API_VERSION_MAJOR * 100 + RUBY_API_VERSION_MINOR) >= 301
      |      ^~~~~~~~~~~~~~~~~~~~~~
/home/ramonskie/.rbenv/versions/3.1.0/include/ruby-3.1.0/ruby/backward/cxxanyargs.hpp:540:37: warning: "RUBY_API_VERSION_MINOR" is not defined, evaluates to 0 [-Wundef]
  540 | #if (RUBY_API_VERSION_MAJOR * 100 + RUBY_API_VERSION_MINOR) >= 301
      |                                     ^~~~~~~~~~~~~~~~~~~~~~
conftest.c: In function ‘int main()’:
conftest.c:5:35: warning: variable ‘tuple’ set but not used [-Wunused-but-set-variable]
    5 |   int main(){ pair<const int,int> tuple = make_pair(1,2); }
      |                                   ^~~~~
At global scope:
cc1plus: warning: unrecognized command line option ‘-Wno-self-assign’
cc1plus: warning: unrecognized command line option ‘-Wno-parentheses-equality’
cc1plus: warning: unrecognized command line option ‘-Wno-constant-logical-operand’
checked program was:
/* begin */
1: #include "ruby.h"
2: 
3:   #include <utility>
4:   using namespace std;
5:   int main(){ pair<const int,int> tuple = make_pair(1,2); }
/* end */

